This is pdfTeX, Version 3.141592653-2.6-1.40.22 (TeX Live 2022/dev/Debian) (preloaded format=pdflatex 2024.4.21)  6 MAY 2024 15:32
entering extended mode
 restricted \write18 enabled.
 %&-line parsing enabled.
**Koch-vanErp.tex
(./Koch-vanErp.tex
LaTeX2e <2021-11-15> patch level 1
L3 programming layer <2022-01-21> (./interact.cls
Document Class: interact 2016/10/17 v1.03 Interact LaTeX document class
(/usr/share/texlive/texmf-dist/tex/latex/base/article.cls
Document Class: article 2021/10/04 v1.4n Standard LaTeX document class
(/usr/share/texlive/texmf-dist/tex/latex/base/size11.clo
File: size11.clo 2021/10/04 v1.4n Standard LaTeX file (size option)
)
\c@part=\count185
\c@section=\count186
\c@subsection=\count187
\c@subsubsection=\count188
\c@paragraph=\count189
\c@subparagraph=\count190
\c@figure=\count191
\c@table=\count192
\abovecaptionskip=\skip47
\belowcaptionskip=\skip48
\bibindent=\dimen138
) (/usr/share/texlive/texmf-dist/tex/latex/amsmath/amsmath.sty
Package: amsmath 2021/10/15 v2.17l AMS math features
\@mathmargin=\skip49
For additional information on amsmath, use the `?' option.
(/usr/share/texlive/texmf-dist/tex/latex/amsmath/amstext.sty
Package: amstext 2021/08/26 v2.01 AMS text
(/usr/share/texlive/texmf-dist/tex/latex/amsmath/amsgen.sty
File: amsgen.sty 1999/11/30 v2.0 generic functions
\@emptytoks=\toks16
\ex@=\dimen139
)) (/usr/share/texlive/texmf-dist/tex/latex/amsmath/amsbsy.sty
Package: amsbsy 1999/11/29 v1.2d Bold Symbols
\pmbraise@=\dimen140
) (/usr/share/texlive/texmf-dist/tex/latex/amsmath/amsopn.sty
Package: amsopn 2021/08/26 v2.02 operator names
)
\inf@bad=\count193
LaTeX Info: Redefining \frac on input line 234.
\uproot@=\count194
\leftroot@=\count195
LaTeX Info: Redefining \overline on input line 399.
\classnum@=\count196
\DOTSCASE@=\count197
LaTeX Info: Redefining \ldots on input line 496.
LaTeX Info: Redefining \dots on input line 499.
LaTeX Info: Redefining \cdots on input line 620.
\Mathstrutbox@=\box50
\strutbox@=\box51
\big@size=\dimen141
LaTeX Font Info:    Redeclaring font encoding OML on input line 743.
LaTeX Font Info:    Redeclaring font encoding OMS on input line 744.
\macc@depth=\count198
\c@MaxMatrixCols=\count199
\dotsspace@=\muskip16
\c@parentequation=\count266
\dspbrk@lvl=\count267
\tag@help=\toks17
\row@=\count268
\column@=\count269
\maxfields@=\count270
\andhelp@=\toks18
\eqnshift@=\dimen142
\alignsep@=\dimen143
\tagshift@=\dimen144
\tagwidth@=\dimen145
\totwidth@=\dimen146
\lineht@=\dimen147
\@envbody=\toks19
\multlinegap=\skip50
\multlinetaggap=\skip51
\mathdisplay@stack=\toks20
LaTeX Info: Redefining \[ on input line 2938.
LaTeX Info: Redefining \] on input line 2939.
) (/usr/share/texlive/texmf-dist/tex/latex/amsfonts/amssymb.sty
Package: amssymb 2013/01/14 v3.01 AMS font symbols
(/usr/share/texlive/texmf-dist/tex/latex/amsfonts/amsfonts.sty
Package: amsfonts 2013/01/14 v3.01 Basic AMSFonts support
\symAMSa=\mathgroup4
\symAMSb=\mathgroup5
LaTeX Font Info:    Redeclaring math symbol \hbar on input line 98.
LaTeX Font Info:    Overwriting math alphabet `\mathfrak' in version `bold'
(Font)                  U/euf/m/n --> U/euf/b/n on input line 106.
)) (/usr/share/texlive/texmf-dist/tex/latex/amscls/amsthm.sty
Package: amsthm 2020/05/29 v2.20.6
\thm@style=\toks21
\thm@bodyfont=\toks22
\thm@headfont=\toks23
\thm@notefont=\toks24
\thm@headpunct=\toks25
\thm@preskip=\skip52
\thm@postskip=\skip53
\thm@headsep=\skip54
\dth@everypar=\toks26
) (/usr/share/texlive/texmf-dist/tex/latex/booktabs/booktabs.sty
Package: booktabs 2020/01/12 v1.61803398 Publication quality tables
\heavyrulewidth=\dimen148
\lightrulewidth=\dimen149
\cmidrulewidth=\dimen150
\belowrulesep=\dimen151
\belowbottomsep=\dimen152
\aboverulesep=\dimen153
\abovetopsep=\dimen154
\cmidrulesep=\dimen155
\cmidrulekern=\dimen156
\defaultaddspace=\dimen157
\@cmidla=\count271
\@cmidlb=\count272
\@aboverulesep=\dimen158
\@belowrulesep=\dimen159
\@thisruleclass=\count273
\@lastruleclass=\count274
\@thisrulewidth=\dimen160
) (/usr/share/texlive/texmf-dist/tex/latex/graphics/epsfig.sty
Package: epsfig 2017/06/25 v1.7b (e)psfig emulation (SPQR)
(/usr/share/texlive/texmf-dist/tex/latex/graphics/graphicx.sty
Package: graphicx 2021/09/16 v1.2d Enhanced LaTeX Graphics (DPC,SPQR)
(/usr/share/texlive/texmf-dist/tex/latex/graphics/keyval.sty
Package: keyval 2014/10/28 v1.15 key=value parser (DPC)
\KV@toks@=\toks27
) (/usr/share/texlive/texmf-dist/tex/latex/graphics/graphics.sty
Package: graphics 2021/03/04 v1.4d Standard LaTeX Graphics (DPC,SPQR)
(/usr/share/texlive/texmf-dist/tex/latex/graphics/trig.sty
Package: trig 2021/08/11 v1.11 sin cos tan (DPC)
) (/usr/share/texlive/texmf-dist/tex/latex/graphics-cfg/graphics.cfg
File: graphics.cfg 2016/06/04 v1.11 sample graphics configuration
)
Package graphics Info: Driver file: pdftex.def on input line 107.
(/usr/share/texlive/texmf-dist/tex/latex/graphics-def/pdftex.def
File: pdftex.def 2020/10/05 v1.2a Graphics/color driver for pdftex
))
\Gin@req@height=\dimen161
\Gin@req@width=\dimen162
)
\epsfxsize=\dimen163
\epsfysize=\dimen164
) (/usr/share/texlive/texmf-dist/tex/latex/graphics/rotating.sty
Package: rotating 2016/08/11 v2.16d rotated objects in LaTeX
(/usr/share/texlive/texmf-dist/tex/latex/base/ifthen.sty
Package: ifthen 2020/11/24 v1.1c Standard LaTeX ifthen package (DPC)
)
\c@r@tfl@t=\count275
\rotFPtop=\skip55
\rotFPbot=\skip56
\rot@float@box=\box52
\rot@mess@toks=\toks28
) (/usr/share/texlive/texmf-dist/tex/latex/geometry/geometry.sty
Package: geometry 2020/01/02 v5.9 Page Geometry
(/usr/share/texlive/texmf-dist/tex/generic/iftex/ifvtex.sty
Package: ifvtex 2019/10/25 v1.7 ifvtex legacy package. Use iftex instead.
(/usr/share/texlive/texmf-dist/tex/generic/iftex/iftex.sty
Package: iftex 2020/03/06 v1.0d TeX engine tests
))
\Gm@cnth=\count276
\Gm@cntv=\count277
\c@Gm@tempcnt=\count278
\Gm@bindingoffset=\dimen165
\Gm@wd@mp=\dimen166
\Gm@odd@mp=\dimen167
\Gm@even@mp=\dimen168
\Gm@layoutwidth=\dimen169
\Gm@layoutheight=\dimen170
\Gm@layouthoffset=\dimen171
\Gm@layoutvoffset=\dimen172
\Gm@dimlist=\toks29
)
\c@mv@upright=\count279
\c@mv@boldupright=\count280
LaTeX Font Info:    Overwriting symbol font `letters' in version `upright'
(Font)                  OML/cmm/m/it --> OML/eur/m/n on input line 163.
LaTeX Font Info:    Overwriting symbol font `letters' in version `boldupright'
(Font)                  OML/cmm/m/it --> OML/eur/b/n on input line 164.
\figheight=\dimen173
\figwidth=\dimen174
\tabledim=\dimen175
\LabelSep=\dimen176
\TopSep=\skip57
) (/usr/share/texlive/texmf-dist/tex/latex/epstopdf-pkg/epstopdf.sty
Package: epstopdf 2020-01-24 v2.11 Conversion with epstopdf on the fly (HO)
(/usr/share/texlive/texmf-dist/tex/generic/infwarerr/infwarerr.sty
Package: infwarerr 2019/12/03 v1.5 Providing info/warning/error messages (HO)
) (/usr/share/texlive/texmf-dist/tex/latex/grfext/grfext.sty
Package: grfext 2019/12/03 v1.3 Manage graphics extensions (HO)
(/usr/share/texlive/texmf-dist/tex/generic/kvdefinekeys/kvdefinekeys.sty
Package: kvdefinekeys 2019-12-19 v1.6 Define keys (HO)
)) (/usr/share/texlive/texmf-dist/tex/latex/kvoptions/kvoptions.sty
Package: kvoptions 2020-10-07 v3.14 Key value format for package options (HO)
(/usr/share/texlive/texmf-dist/tex/generic/ltxcmds/ltxcmds.sty
Package: ltxcmds 2020-05-10 v1.25 LaTeX kernel commands for general use (HO)
) (/usr/share/texlive/texmf-dist/tex/generic/kvsetkeys/kvsetkeys.sty
Package: kvsetkeys 2019/12/15 v1.18 Key value parser (HO)
)) (/usr/share/texlive/texmf-dist/tex/generic/pdftexcmds/pdftexcmds.sty
Package: pdftexcmds 2020-06-27 v0.33 Utility functions of pdfTeX for LuaTeX (HO
)
Package pdftexcmds Info: \pdf@primitive is available.
Package pdftexcmds Info: \pdf@ifprimitive is available.
Package pdftexcmds Info: \pdfdraftmode found.
) (/usr/share/texlive/texmf-dist/tex/latex/epstopdf-pkg/epstopdf-base.sty
Package: epstopdf-base 2020-01-24 v2.11 Base part for package epstopdf
Package epstopdf-base Info: Redefining graphics rule for `.eps' on input line 4
85.
Package grfext Info: Graphics extension search list:
(grfext)             [.pdf,.png,.jpg,.mps,.jpeg,.jbig2,.jb2,.PDF,.PNG,.JPG,.JPE
G,.JBIG2,.JB2,.eps]
(grfext)             \AppendGraphicsExtensions on input line 504.
(/usr/share/texlive/texmf-dist/tex/latex/latexconfig/epstopdf-sys.cfg
File: epstopdf-sys.cfg 2010/07/13 v1.3 Configuration of (r)epstopdf for TeX Liv
e
))) (/usr/share/texlive/texmf-dist/tex/latex/subfigure/subfigure.sty
Package: subfigure 2002/03/15 v2.1.5 subfigure package
\subfigtopskip=\skip58
\subfigcapskip=\skip59
\subfigcaptopadj=\dimen177
\subfigbottomskip=\skip60
\subfigcapmargin=\dimen178
\subfiglabelskip=\skip61
\c@subfigure=\count281
\c@lofdepth=\count282
\c@subtable=\count283
\c@lotdepth=\count284
****************************************
* Local config file subfigure.cfg used *
****************************************
(/usr/share/texlive/texmf-dist/tex/latex/subfigure/subfigure.cfg)
\subfig@top=\skip62
\subfig@bottom=\skip63
) (/usr/share/texlive/texmf-dist/tex/latex/natbib/natbib.sty
Package: natbib 2010/09/13 8.31b (PWD, AO)
\bibhang=\skip64
\bibsep=\skip65
LaTeX Info: Redefining \cite on input line 694.
\c@NAT@ctr=\count285
)
\c@theorem=\count286
\c@remark=\count287
\c@notation=\count288
(/usr/share/texlive/texmf-dist/tex/latex/hyperref/hyperref.sty
Package: hyperref 2021-06-07 v7.00m Hypertext links for LaTeX
(/usr/share/texlive/texmf-dist/tex/generic/pdfescape/pdfescape.sty
Package: pdfescape 2019/12/09 v1.15 Implements pdfTeX's escape features (HO)
) (/usr/share/texlive/texmf-dist/tex/latex/hycolor/hycolor.sty
Package: hycolor 2020-01-27 v1.10 Color options for hyperref/bookmark (HO)
) (/usr/share/texlive/texmf-dist/tex/latex/letltxmacro/letltxmacro.sty
Package: letltxmacro 2019/12/03 v1.6 Let assignment for LaTeX macros (HO)
) (/usr/share/texlive/texmf-dist/tex/latex/auxhook/auxhook.sty
Package: auxhook 2019-12-17 v1.6 Hooks for auxiliary files (HO)
)
\@linkdim=\dimen179
\Hy@linkcounter=\count289
\Hy@pagecounter=\count290
(/usr/share/texlive/texmf-dist/tex/latex/hyperref/pd1enc.def
File: pd1enc.def 2021-06-07 v7.00m Hyperref: PDFDocEncoding definition (HO)
Now handling font encoding PD1 ...
... no UTF-8 mapping file for font encoding PD1
) (/usr/share/texlive/texmf-dist/tex/latex/hyperref/hyperref-langpatches.def
File: hyperref-langpatches.def 2021-06-07 v7.00m Hyperref: patches for babel la
nguages
) (/usr/share/texlive/texmf-dist/tex/generic/intcalc/intcalc.sty
Package: intcalc 2019/12/15 v1.3 Expandable calculations with integers (HO)
) (/usr/share/texlive/texmf-dist/tex/generic/etexcmds/etexcmds.sty
Package: etexcmds 2019/12/15 v1.7 Avoid name clashes with e-TeX commands (HO)
)
\Hy@SavedSpaceFactor=\count291
(/usr/share/texlive/texmf-dist/tex/latex/hyperref/puenc.def
File: puenc.def 2021-06-07 v7.00m Hyperref: PDF Unicode definition (HO)
Now handling font encoding PU ...
... no UTF-8 mapping file for font encoding PU
)
Package hyperref Info: Hyper figures OFF on input line 4192.
Package hyperref Info: Link nesting OFF on input line 4197.
Package hyperref Info: Hyper index ON on input line 4200.
Package hyperref Info: Plain pages OFF on input line 4207.
Package hyperref Info: Backreferencing OFF on input line 4212.
Package hyperref Info: Implicit mode ON; LaTeX internals redefined.
Package hyperref Info: Bookmarks ON on input line 4445.
\c@Hy@tempcnt=\count292
(/usr/share/texlive/texmf-dist/tex/latex/url/url.sty
\Urlmuskip=\muskip17
Package: url 2013/09/16  ver 3.4  Verb mode for urls, etc.
)
LaTeX Info: Redefining \url on input line 4804.
\XeTeXLinkMargin=\dimen180
(/usr/share/texlive/texmf-dist/tex/generic/bitset/bitset.sty
Package: bitset 2019/12/09 v1.3 Handle bit-vector datatype (HO)
(/usr/share/texlive/texmf-dist/tex/generic/bigintcalc/bigintcalc.sty
Package: bigintcalc 2019/12/15 v1.5 Expandable calculations on big integers (HO
)
))
\Fld@menulength=\count293
\Field@Width=\dimen181
\Fld@charsize=\dimen182
Package hyperref Info: Hyper figures OFF on input line 6076.
Package hyperref Info: Link nesting OFF on input line 6081.
Package hyperref Info: Hyper index ON on input line 6084.
Package hyperref Info: backreferencing OFF on input line 6091.
Package hyperref Info: Link coloring OFF on input line 6096.
Package hyperref Info: Link coloring with OCG OFF on input line 6101.
Package hyperref Info: PDF/A mode OFF on input line 6106.
LaTeX Info: Redefining \ref on input line 6146.
LaTeX Info: Redefining \pageref on input line 6150.
(/usr/share/texlive/texmf-dist/tex/latex/base/atbegshi-ltx.sty
Package: atbegshi-ltx 2021/01/10 v1.0c Emulation of the original atbegshi
package with kernel methods
)
\Hy@abspage=\count294
\c@Item=\count295
\c@Hfootnote=\count296
)
Package hyperref Info: Driver (autodetected): hpdftex.
(/usr/share/texlive/texmf-dist/tex/latex/hyperref/hpdftex.def
File: hpdftex.def 2021-06-07 v7.00m Hyperref driver for pdfTeX
(/usr/share/texlive/texmf-dist/tex/latex/base/atveryend-ltx.sty
Package: atveryend-ltx 2020/08/19 v1.0a Emulation of the original atveryend pac
kage
with kernel methods
)
\Fld@listcount=\count297
\c@bookmark@seq@number=\count298
(/usr/share/texlive/texmf-dist/tex/latex/rerunfilecheck/rerunfilecheck.sty
Package: rerunfilecheck 2019/12/05 v1.9 Rerun checks for auxiliary files (HO)
(/usr/share/texlive/texmf-dist/tex/generic/uniquecounter/uniquecounter.sty
Package: uniquecounter 2019/12/15 v1.4 Provide unlimited unique counter (HO)
)
Package uniquecounter Info: New unique counter `rerunfilecheck' on input line 2
86.
)
\Hy@SectionHShift=\skip66
) (/usr/share/texlive/texmf-dist/tex/latex/base/inputenc.sty
Package: inputenc 2021/02/14 v1.3d Input encoding file
\inpenc@prehook=\toks30
\inpenc@posthook=\toks31
) (/usr/share/texlive/texmf-dist/tex/latex/l3backend/l3backend-pdftex.def
File: l3backend-pdftex.def 2022-01-12 L3 backend support: PDF output (pdfTeX)
\l__color_backend_stack_int=\count299
\l__pdf_internal_box=\box53
)
No file Koch-vanErp.aux.
\openout1 = `Koch-vanErp.aux'.

LaTeX Font Info:    Checking defaults for OML/cmm/m/it on input line 40.
LaTeX Font Info:    ... okay on input line 40.
LaTeX Font Info:    Checking defaults for OMS/cmsy/m/n on input line 40.
LaTeX Font Info:    ... okay on input line 40.
LaTeX Font Info:    Checking defaults for OT1/cmr/m/n on input line 40.
LaTeX Font Info:    ... okay on input line 40.
LaTeX Font Info:    Checking defaults for T1/cmr/m/n on input line 40.
LaTeX Font Info:    ... okay on input line 40.
LaTeX Font Info:    Checking defaults for TS1/cmr/m/n on input line 40.
LaTeX Font Info:    ... okay on input line 40.
LaTeX Font Info:    Checking defaults for OMX/cmex/m/n on input line 40.
LaTeX Font Info:    ... okay on input line 40.
LaTeX Font Info:    Checking defaults for U/cmr/m/n on input line 40.
LaTeX Font Info:    ... okay on input line 40.
LaTeX Font Info:    Checking defaults for PD1/pdf/m/n on input line 40.
LaTeX Font Info:    ... okay on input line 40.
LaTeX Font Info:    Checking defaults for PU/pdf/m/n on input line 40.
LaTeX Font Info:    ... okay on input line 40.
(/usr/share/texlive/texmf-dist/tex/context/base/mkii/supp-pdf.mkii
[Loading MPS to PDF converter (version 2006.09.02).]
\scratchcounter=\count300
\scratchdimen=\dimen183
\scratchbox=\box54
\nofMPsegments=\count301
\nofMParguments=\count302
\everyMPshowfont=\toks32
\MPscratchCnt=\count303
\MPscratchDim=\dimen184
\MPnumerator=\count304
\makeMPintoPDFobject=\count305
\everyMPtoPDFconversion=\toks33
)
*geometry* driver: auto-detecting
*geometry* detected driver: pdftex
*geometry* verbose mode - [ preamble ] result:
* driver: pdftex
* paper: <default>
* layout: <same size as paper>
* layoutoffset:(h,v)=(0.0pt,0.0pt)
* modes: 
* h-part:(L,W,R)=(94.75394pt, 408.0pt, 94.75394pt)
* v-part:(T,H,B)=(78.01874pt, 650.0pt, 117.0281pt)
* \paperwidth=597.50787pt
* \paperheight=845.04684pt
* \textwidth=408.0pt
* \textheight=650.0pt
* \oddsidemargin=22.48395pt
* \evensidemargin=22.48395pt
* \topmargin=-31.25125pt
* \headheight=12.0pt
* \headsep=25.0pt
* \topskip=11.0pt
* \footskip=30.0pt
* \marginparwidth=50.0pt
* \marginparsep=10.0pt
* \columnsep=12.0pt
* \skip\footins=10.0pt plus 4.0pt minus 2.0pt
* \hoffset=0.0pt
* \voffset=0.0pt
* \mag=1000
* \@twocolumnfalse
* \@twosidefalse
* \@mparswitchfalse
* \@reversemarginfalse
* (1in=72.27pt=25.4mm, 1cm=28.453pt)

Package hyperref Info: Link coloring OFF on input line 40.
(/usr/share/texlive/texmf-dist/tex/latex/hyperref/nameref.sty
Package: nameref 2021-04-02 v2.47 Cross-referencing by name of section
(/usr/share/texlive/texmf-dist/tex/latex/refcount/refcount.sty
Package: refcount 2019/12/15 v3.6 Data extraction from label references (HO)
) (/usr/share/texlive/texmf-dist/tex/generic/gettitlestring/gettitlestring.sty
Package: gettitlestring 2019/12/15 v1.6 Cleanup title references (HO)
)
\c@section@level=\count306
)
LaTeX Info: Redefining \ref on input line 40.
LaTeX Info: Redefining \pageref on input line 40.
LaTeX Info: Redefining \nameref on input line 40.
\@outlinefile=\write3
\openout3 = `Koch-vanErp.out'.


LaTeX Font Warning: Font shape `OT1/cmr/m/n' in size <13> not available
(Font)              size <12> substituted on input line 66.


LaTeX Font Warning: Font shape `OT1/cmr/bx/n' in size <13> not available
(Font)              size <12> substituted on input line 66.

LaTeX Font Info:    Calculating math sizes for size <11> on input line 66.

LaTeX Font Warning: Font shape `OT1/cmr/m/n' in size <5.5> not available
(Font)              size <5> substituted on input line 66.


LaTeX Font Warning: Font shape `OML/cmm/m/it' in size <5.5> not available
(Font)              size <5> substituted on input line 66.


LaTeX Font Warning: Font shape `OMS/cmsy/m/n' in size <5.5> not available
(Font)              size <5> substituted on input line 66.

LaTeX Font Info:    Trying to load font information for U+msa on input line 66.

(/usr/share/texlive/texmf-dist/tex/latex/amsfonts/umsa.fd
File: umsa.fd 2013/01/14 v3.01 AMS symbols A
)
LaTeX Font Info:    Trying to load font information for U+msb on input line 66.

(/usr/share/texlive/texmf-dist/tex/latex/amsfonts/umsb.fd
File: umsb.fd 2013/01/14 v3.01 AMS symbols B
)
Underfull \hbox (badness 1867) in paragraph at lines 66--66
[][]\OT1/cmr/m/n/8 CONTACT A. N. Au-thor. Email: []$\OT1/cmtt/m/n/8 latex . hel
pdesk @ tandf . co . uk$[]\OT1/cmr/m/n/8 , John Smith. Email: []$\OT1/cmtt/m/n/
8 john . smith @
 []


Overfull \hbox (69.14108pt too wide) in paragraph at lines 190--190
[]\OT1/cmtt/m/n/10.95 ## -- Attaching core tidyverse packages -----------------
------- tidyverse 2.0.0 --[] 
 []


Overfull \hbox (69.14108pt too wide) in paragraph at lines 190--190
[]\OT1/cmtt/m/n/10.95 ## -- Conflicts -----------------------------------------
- tidyverse_conflicts() --[] 
 []


Overfull \hbox (189.86353pt too wide) in paragraph at lines 190--190
[]\OT1/cmtt/m/n/10.95 ## i Use the conflicted package (<http://conflicted.r-lib
.org/>) to force all conflicts to become errors[] 
 []


Overfull \vbox (1.65002pt too high) has occurred while \output is active []

[1



{/var/lib/texmf/fonts/map/pdftex/updmap/pdftex.map}]
Overfull \hbox (46.14633pt too wide) in paragraph at lines 190--190
[]\OT1/cmtt/m/n/10.95 ## For execution on a local, multicore CPU with excess RA
M we recommend calling[] 
 []


Overfull \hbox (17.4029pt too wide) in paragraph at lines 190--190
[]\OT1/cmtt/m/n/10.95 ## To avoid recompilation of unchanged Stan programs, we 
recommend calling[] 
 []


Overfull \hbox (63.3924pt too wide) in paragraph at lines 190--190
[]\OT1/cmtt/m/n/10.95 ## For within-chain threading using `reduce_sum()` or `ma
p_rect()` Stan functions,[] 
 []

[2]

Package natbib Warning: Citation `cox_principles_2006' on page 3 undefined on i
nput line 208.


Package natbib Warning: Citation `james_introduction_2021' on page 3 undefined 
on input line 208.


Package natbib Warning: Citation `bollen_structural_1989' on page 3 undefined o
n input line 210.


Package natbib Warning: Citation `maccallum_model_1992' on page 3 undefined on 
input line 219.

[3]

Package natbib Warning: Citation `muthen_bayesian_2012' on page 4 undefined on 
input line 221.


Package natbib Warning: Citation `lu_bayesian_2016' on page 4 undefined on inpu
t line 230.


Package natbib Warning: Citation `muthen_bayesian_2012' on page 4 undefined on 
input line 234.


Package natbib Warning: Citation `zhang_criteria_2021' on page 4 undefined on i
nput line 241.


Package natbib Warning: Citation `piironen_sparsity_2017' on page 4 undefined o
n input line 252.


Package natbib Warning: Citation `van_erp_shrinkage_2019' on page 4 undefined o
n input line 252.


Package natbib Warning: Citation `hastie_statistical_2015' on page 4 undefined 
on input line 275.

[4]

Package natbib Warning: Citation `tibshirani_regression_1996' on page 5 undefin
ed on input line 296.


Package natbib Warning: Citation `tibshirani_regression_2011' on page 5 undefin
ed on input line 296.


Package natbib Warning: Citation `hoerl_ridge_2000' on page 5 undefined on inpu
t line 308.


Package natbib Warning: Citation `jacobucci_regularized_2016' on page 5 undefin
ed on input line 330.


Package natbib Warning: Citation `jacobucci_regularized_2016' on page 5 undefin
ed on input line 332.


Package natbib Warning: Citation `jacobucci_practical_2019' on page 5 undefined
 on input line 332.


Package natbib Warning: Citation `serang_exploratory_2017' on page 5 undefined 
on input line 334.


Package natbib Warning: Citation `serang_exploratory_2020' on page 5 undefined 
on input line 335.

[5]

Package natbib Warning: Citation `jacobucci_regularized_2016' on page 6 undefin
ed on input line 343.


Package natbib Warning: Citation `jacobucci_comparison_2018' on page 6 undefine
d on input line 343.


Package natbib Warning: Citation `jacobucci_comparison_2018' on page 6 undefine
d on input line 345.


Package natbib Warning: Citation `hsiang_bayesian_1975' on page 6 undefined on 
input line 354.


Package natbib Warning: Citation `park_bayesian_2008' on page 6 undefined on in
put line 358.


Package natbib Warning: Citation `hans_bayesian_2009' on page 6 undefined on in
put line 358.


Package natbib Warning: Citation `van_erp_shrinkage_2019' on page 6 undefined o
n input line 358.


Package natbib Warning: Citation `bollen_structural_1989' on page 6 undefined o
n input line 372.


LaTeX Font Warning: Font shape `OT1/cmr/bx/n' in size <5.5> not available
(Font)              size <5> substituted on input line 377.


LaTeX Font Warning: Font shape `OML/cmm/b/it' in size <5.5> not available
(Font)              size <5> substituted on input line 377.


LaTeX Font Warning: Font shape `OMS/cmsy/b/n' in size <5.5> not available
(Font)              size <5> substituted on input line 377.


Package natbib Warning: Citation `maccallum_model_1992' on page 6 undefined on 
input line 410.

[6]

Package natbib Warning: Citation `muthen_bayesian_2012' on page 7 undefined on 
input line 412.


Underfull \hbox (badness 10000) in paragraph at lines 416--422

 []


Package natbib Warning: Citation `jacobucci_regularized_2016' on page 7 undefin
ed on input line 433.


Package natbib Warning: Citation `muthen_bayesian_2012' on page 7 undefined on 
input line 446.


Package natbib Warning: Citation `chen_jinsong_partially_2021' on page 7 undefi
ned on input line 460.


Package natbib Warning: Citation `zhang_criteria_2021' on page 7 undefined on i
nput line 460.


Package natbib Warning: Citation `zhang_criteria_2021' on page 7 undefined on i
nput line 466.


Package natbib Warning: Citation `zhang_criteria_2021' on page 7 undefined on i
nput line 470.

[7]

Package natbib Warning: Citation `george_variable_1993' on page 8 undefined on 
input line 481.


Package natbib Warning: Citation `ishwaran_spike_2005' on page 8 undefined on i
nput line 481.


Package natbib Warning: Citation `mitchell_bayesian_1988' on page 8 undefined o
n input line 481.


Package natbib Warning: Citation `stan_development_team_stan_2021' on page 8 un
defined on input line 505.


Package natbib Warning: Citation `betancourt_conceptual_2018' on page 8 undefin
ed on input line 505.


Package natbib Warning: Citation `piironen_hyperprior_2017' on page 8 undefined
 on input line 516.


Package natbib Warning: Citation `piironen_sparsity_2017' on page 8 undefined o
n input line 516.


Package natbib Warning: Citation `carvalho_horseshoe_2010' on page 8 undefined 
on input line 518.


Package natbib Warning: Citation `polson_shrink_2010' on page 8 undefined on in
put line 526.

[8]

Package natbib Warning: Citation `carvalho_horseshoe_2010' on page 9 undefined 
on input line 534.


Package natbib Warning: Citation `piironen_sparsity_2017' on page 9 undefined o
n input line 534.


Package natbib Warning: Citation `carvalho_horseshoe_2010' on page 9 undefined 
on input line 546.


Package natbib Warning: Citation `polson_shrink_2010' on page 9 undefined on in
put line 546.


Package natbib Warning: Citation `datta_asymptotic_2013' on page 9 undefined on
 input line 546.


Package natbib Warning: Citation `van_der_pas_horseshoe_2014' on page 9 undefin
ed on input line 546.


Package natbib Warning: Citation `ghosh_use_2018' on page 9 undefined on input 
line 552.


Package natbib Warning: Citation `piironen_sparsity_2017' on page 9 undefined o
n input line 565.

[9]

Package natbib Warning: Citation `piironen_sparsity_2017' on page 10 undefined 
on input line 586.

<Koch-vanErp_files/figure-latex/unnamed-chunk-1-1.pdf, id=80, 459.7175pt x 309.
155pt>
File: Koch-vanErp_files/figure-latex/unnamed-chunk-1-1.pdf Graphic file (type p
df)
<use Koch-vanErp_files/figure-latex/unnamed-chunk-1-1.pdf>
Package pdftex.def Info: Koch-vanErp_files/figure-latex/unnamed-chunk-1-1.pdf  
used on input line 590.
(pdftex.def)             Requested size: 459.71637pt x 309.15424pt.

Overfull \hbox (51.71637pt too wide) in paragraph at lines 590--591
 [][] 
 []


Package natbib Warning: Citation `stan_development_team_stan_2021' on page 10 u
ndefined on input line 610.


Package natbib Warning: Citation `r_core_team_r_2021' on page 10 undefined on i
nput line 611.


Package natbib Warning: Citation `gabry_cmdstanr_2022' on page 10 undefined on 
input line 612.


Package natbib Warning: Citation `stan_development_team_rstan_2022' on page 10 
undefined on input line 613.


Package natbib Warning: Citation `gabry_bayesplot_2022' on page 10 undefined on
 input line 614.


Package natbib Warning: Citation `wickham_tidyr_2022' on page 10 undefined on i
nput line 616.


Package natbib Warning: Citation `wickham_dplyr_2022' on page 10 undefined on i
nput line 617.


Package natbib Warning: Citation `wickham_ggplot2_2016' on page 10 undefined on
 input line 618.


Package natbib Warning: Citation `r_core_team_package_2022' on page 10 undefine
d on input line 619.


Package natbib Warning: Citation `aust_papaja_2022' on page 10 undefined on inp
ut line 621.


Package natbib Warning: Citation `homan_no-u-turn_2014' on page 10 undefined on
 input line 629.

[10 <./Koch-vanErp_files/figure-latex/unnamed-chunk-1-1.pdf>]

Package natbib Warning: Citation `muthen_bayesian_2012' on page 11 undefined on
 input line 672.

<~/1vs2StepBayesianRegSEM/Rmd/figures/model.png, id=112, 773.89125pt x 541.0212
6pt>
File: ~/1vs2StepBayesianRegSEM/Rmd/figures/model.png Graphic file (type png)
<use ~/1vs2StepBayesianRegSEM/Rmd/figures/model.png>
Package pdftex.def Info: ~/1vs2StepBayesianRegSEM/Rmd/figures/model.png  used o
n input line 680.
(pdftex.def)             Requested size: 773.88936pt x 541.01993pt.

Overfull \hbox (365.88936pt too wide) in paragraph at lines 680--681
 [][] 
 []


Package natbib Warning: Citation `piironen_sparsity_2017' on page 11 undefined 
on input line 691.

[11] [12 </home/michi/1vs2StepBayesianRegSEM/Rmd/figures/model.png>]

! LaTeX Error: Environment threeparttable undefined.

See the LaTeX manual or LaTeX Companion for explanation.
Type  H <return>  for immediate help.
 ...                                              
                                                  
l.716 \begin{threeparttable}
                             
Here is how much of TeX's memory you used:
 11092 strings out of 478287
 170876 string characters out of 5849289
 472203 words of memory out of 5000000
 29083 multiletter control sequences out of 15000+600000
 481907 words of font info for 77 fonts, out of 8000000 for 9000
 1141 hyphenation exceptions out of 8191
 85i,8n,90p,253b,450s stack positions out of 5000i,500n,10000p,200000b,80000s

!  ==> Fatal error occurred, no output PDF file produced!
